<?xml version="1.0" encoding="UTF-8"?>
<testng-results ignored="0" total="130" passed="130" failed="0" skipped="0">
  <reporter-output>
  </reporter-output>
  <suite started-at="2023-03-30T12:16:33 CDT" name="Default suite" finished-at="2023-03-30T12:22:32 CDT" duration-ms="358979">
    <groups>
      <group name="cucumber">
        <method signature="AbstractTestNGCucumberTests.runScenario(io.cucumber.testng.PickleWrapper,io.cucumber.testng.FeatureWrapper)[pri:0, instance:Runner.TestRunner@6f43c82]" name="runScenario" class="io.cucumber.testng.AbstractTestNGCucumberTests"/>
      </group> <!-- cucumber -->
    </groups>
    <test started-at="2023-03-30T12:16:33 CDT" name="Default test" finished-at="2023-03-30T12:22:32 CDT" duration-ms="358979">
      <class name="Runner.TestRunner">
        <test-method is-config="true" signature="setUpClass(org.testng.ITestContext)[pri:0, instance:Runner.TestRunner@6f43c82]" started-at="2023-03-30T12:16:33 CDT" name="setUpClass" finished-at="2023-03-30T12:16:34 CDT" duration-ms="506" status="PASS">
          <params>
            <param index="0">
              <value>
                <![CDATA[org.testng.TestRunner@4cb242b2]]>
              </value>
            </param>
          </params>
          <reporter-output>
          </reporter-output>
        </test-method> <!-- setUpClass -->
        <test-method signature="runScenario(io.cucumber.testng.PickleWrapper,io.cucumber.testng.FeatureWrapper)[pri:0, instance:Runner.TestRunner@6f43c82]" started-at="2023-03-30T12:16:34 CDT" name="runScenario" description="Runs Cucumber Scenarios" data-provider="scenarios" finished-at="2023-03-30T12:16:39 CDT" duration-ms="4941" status="PASS">
          <params>
            <param index="0">
              <value>
                <![CDATA["user navigates to ds_algo portal home page"]]>
              </value>
            </param>
            <param index="1">
              <value>
                <![CDATA["Test DS Algo portal home page"]]>
              </value>
            </param>
          </params>
          <reporter-output>
          </reporter-output>
        </test-method> <!-- runScenario -->
        <test-method signature="runScenario(io.cucumber.testng.PickleWrapper,io.cucumber.testng.FeatureWrapper)[pri:0, instance:Runner.TestRunner@6f43c82]" started-at="2023-03-30T12:16:39 CDT" name="runScenario" description="Runs Cucumber Scenarios" data-provider="scenarios" finished-at="2023-03-30T12:16:39 CDT" duration-ms="459" status="PASS">
          <params>
            <param index="0">
              <value>
                <![CDATA["user checks login functionality"]]>
              </value>
            </param>
            <param index="1">
              <value>
                <![CDATA["Test DS Algo portal home page"]]>
              </value>
            </param>
          </params>
          <reporter-output>
          </reporter-output>
        </test-method> <!-- runScenario -->
        <test-method signature="runScenario(io.cucumber.testng.PickleWrapper,io.cucumber.testng.FeatureWrapper)[pri:0, instance:Runner.TestRunner@6f43c82]" started-at="2023-03-30T12:16:39 CDT" name="runScenario" description="Runs Cucumber Scenarios" data-provider="scenarios" finished-at="2023-03-30T12:16:40 CDT" duration-ms="295" status="PASS">
          <params>
            <param index="0">
              <value>
                <![CDATA["user checks drop down entries"]]>
              </value>
            </param>
            <param index="1">
              <value>
                <![CDATA["Test DS Algo portal home page"]]>
              </value>
            </param>
          </params>
          <reporter-output>
          </reporter-output>
        </test-method> <!-- runScenario -->
        <test-method signature="runScenario(io.cucumber.testng.PickleWrapper,io.cucumber.testng.FeatureWrapper)[pri:0, instance:Runner.TestRunner@6f43c82]" started-at="2023-03-30T12:16:40 CDT" name="runScenario" description="Runs Cucumber Scenarios" data-provider="scenarios" finished-at="2023-03-30T12:16:40 CDT" duration-ms="507" status="PASS">
          <params>
            <param index="0">
              <value>
                <![CDATA["user checks drop down functionality witout sign in"]]>
              </value>
            </param>
            <param index="1">
              <value>
                <![CDATA["Test DS Algo portal home page"]]>
              </value>
            </param>
          </params>
          <reporter-output>
          </reporter-output>
        </test-method> <!-- runScenario -->
        <test-method signature="runScenario(io.cucumber.testng.PickleWrapper,io.cucumber.testng.FeatureWrapper)[pri:0, instance:Runner.TestRunner@6f43c82]" started-at="2023-03-30T12:16:40 CDT" name="runScenario" description="Runs Cucumber Scenarios" data-provider="scenarios" finished-at="2023-03-30T12:16:40 CDT" duration-ms="416" status="PASS">
          <params>
            <param index="0">
              <value>
                <![CDATA["user checks drop down functionality witout sign in"]]>
              </value>
            </param>
            <param index="1">
              <value>
                <![CDATA["Test DS Algo portal home page"]]>
              </value>
            </param>
          </params>
          <reporter-output>
          </reporter-output>
        </test-method> <!-- runScenario -->
        <test-method signature="runScenario(io.cucumber.testng.PickleWrapper,io.cucumber.testng.FeatureWrapper)[pri:0, instance:Runner.TestRunner@6f43c82]" started-at="2023-03-30T12:16:40 CDT" name="runScenario" description="Runs Cucumber Scenarios" data-provider="scenarios" finished-at="2023-03-30T12:16:41 CDT" duration-ms="573" status="PASS">
          <params>
            <param index="0">
              <value>
                <![CDATA["user checks drop down functionality witout sign in"]]>
              </value>
            </param>
            <param index="1">
              <value>
                <![CDATA["Test DS Algo portal home page"]]>
              </value>
            </param>
          </params>
          <reporter-output>
          </reporter-output>
        </test-method> <!-- runScenario -->
        <test-method signature="runScenario(io.cucumber.testng.PickleWrapper,io.cucumber.testng.FeatureWrapper)[pri:0, instance:Runner.TestRunner@6f43c82]" started-at="2023-03-30T12:16:41 CDT" name="runScenario" description="Runs Cucumber Scenarios" data-provider="scenarios" finished-at="2023-03-30T12:16:42 CDT" duration-ms="465" status="PASS">
          <params>
            <param index="0">
              <value>
                <![CDATA["user checks drop down functionality witout sign in"]]>
              </value>
            </param>
            <param index="1">
              <value>
                <![CDATA["Test DS Algo portal home page"]]>
              </value>
            </param>
          </params>
          <reporter-output>
          </reporter-output>
        </test-method> <!-- runScenario -->
        <test-method signature="runScenario(io.cucumber.testng.PickleWrapper,io.cucumber.testng.FeatureWrapper)[pri:0, instance:Runner.TestRunner@6f43c82]" started-at="2023-03-30T12:16:42 CDT" name="runScenario" description="Runs Cucumber Scenarios" data-provider="scenarios" finished-at="2023-03-30T12:16:42 CDT" duration-ms="446" status="PASS">
          <params>
            <param index="0">
              <value>
                <![CDATA["user checks drop down functionality witout sign in"]]>
              </value>
            </param>
            <param index="1">
              <value>
                <![CDATA["Test DS Algo portal home page"]]>
              </value>
            </param>
          </params>
          <reporter-output>
          </reporter-output>
        </test-method> <!-- runScenario -->
        <test-method signature="runScenario(io.cucumber.testng.PickleWrapper,io.cucumber.testng.FeatureWrapper)[pri:0, instance:Runner.TestRunner@6f43c82]" started-at="2023-03-30T12:16:42 CDT" name="runScenario" description="Runs Cucumber Scenarios" data-provider="scenarios" finished-at="2023-03-30T12:16:42 CDT" duration-ms="438" status="PASS">
          <params>
            <param index="0">
              <value>
                <![CDATA["user checks drop down functionality witout sign in"]]>
              </value>
            </param>
            <param index="1">
              <value>
                <![CDATA["Test DS Algo portal home page"]]>
              </value>
            </param>
          </params>
          <reporter-output>
          </reporter-output>
        </test-method> <!-- runScenario -->
        <test-method signature="runScenario(io.cucumber.testng.PickleWrapper,io.cucumber.testng.FeatureWrapper)[pri:0, instance:Runner.TestRunner@6f43c82]" started-at="2023-03-30T12:16:42 CDT" name="runScenario" description="Runs Cucumber Scenarios" data-provider="scenarios" finished-at="2023-03-30T12:16:43 CDT" duration-ms="407" status="PASS">
          <params>
            <param index="0">
              <value>
                <![CDATA["user navigates to sign in page"]]>
              </value>
            </param>
            <param index="1">
              <value>
                <![CDATA["Test DS Algo portal home page"]]>
              </value>
            </param>
          </params>
          <reporter-output>
          </reporter-output>
        </test-method> <!-- runScenario -->
        <test-method signature="runScenario(io.cucumber.testng.PickleWrapper,io.cucumber.testng.FeatureWrapper)[pri:0, instance:Runner.TestRunner@6f43c82]" started-at="2023-03-30T12:16:43 CDT" name="runScenario" description="Runs Cucumber Scenarios" data-provider="scenarios" finished-at="2023-03-30T12:16:43 CDT" duration-ms="330" status="PASS">
          <params>
            <param index="0">
              <value>
                <![CDATA["user navigates to registration page"]]>
              </value>
            </param>
            <param index="1">
              <value>
                <![CDATA["Test DS Algo portal home page"]]>
              </value>
            </param>
          </params>
          <reporter-output>
          </reporter-output>
        </test-method> <!-- runScenario -->
        <test-method signature="runScenario(io.cucumber.testng.PickleWrapper,io.cucumber.testng.FeatureWrapper)[pri:0, instance:Runner.TestRunner@6f43c82]" started-at="2023-03-30T12:16:43 CDT" name="runScenario" description="Runs Cucumber Scenarios" data-provider="scenarios" finished-at="2023-03-30T12:16:44 CDT" duration-ms="412" status="PASS">
          <params>
            <param index="0">
              <value>
                <![CDATA["The user navigates to ds algo home page"]]>
              </value>
            </param>
            <param index="1">
              <value>
                <![CDATA["Test Automation DS Algo register page"]]>
              </value>
            </param>
          </params>
          <reporter-output>
          </reporter-output>
        </test-method> <!-- runScenario -->
        <test-method signature="runScenario(io.cucumber.testng.PickleWrapper,io.cucumber.testng.FeatureWrapper)[pri:0, instance:Runner.TestRunner@6f43c82]" started-at="2023-03-30T12:16:44 CDT" name="runScenario" description="Runs Cucumber Scenarios" data-provider="scenarios" finished-at="2023-03-30T12:16:47 CDT" duration-ms="3416" status="PASS">
          <params>
            <param index="0">
              <value>
                <![CDATA["User navigates to register page"]]>
              </value>
            </param>
            <param index="1">
              <value>
                <![CDATA["Test Automation DS Algo register page"]]>
              </value>
            </param>
          </params>
          <reporter-output>
          </reporter-output>
        </test-method> <!-- runScenario -->
        <test-method signature="runScenario(io.cucumber.testng.PickleWrapper,io.cucumber.testng.FeatureWrapper)[pri:0, instance:Runner.TestRunner@6f43c82]" started-at="2023-03-30T12:16:47 CDT" name="runScenario" description="Runs Cucumber Scenarios" data-provider="scenarios" finished-at="2023-03-30T12:16:53 CDT" duration-ms="5598" status="PASS">
          <params>
            <param index="0">
              <value>
                <![CDATA["User should get error message for all fields empty below username textbox"]]>
              </value>
            </param>
            <param index="1">
              <value>
                <![CDATA["Test Automation DS Algo register page"]]>
              </value>
            </param>
          </params>
          <reporter-output>
          </reporter-output>
        </test-method> <!-- runScenario -->
        <test-method signature="runScenario(io.cucumber.testng.PickleWrapper,io.cucumber.testng.FeatureWrapper)[pri:0, instance:Runner.TestRunner@6f43c82]" started-at="2023-03-30T12:16:53 CDT" name="runScenario" description="Runs Cucumber Scenarios" data-provider="scenarios" finished-at="2023-03-30T12:16:55 CDT" duration-ms="1991" status="PASS">
          <params>
            <param index="0">
              <value>
                <![CDATA["User should get error message below password textbox"]]>
              </value>
            </param>
            <param index="1">
              <value>
                <![CDATA["Test Automation DS Algo register page"]]>
              </value>
            </param>
          </params>
          <reporter-output>
          </reporter-output>
        </test-method> <!-- runScenario -->
        <test-method signature="runScenario(io.cucumber.testng.PickleWrapper,io.cucumber.testng.FeatureWrapper)[pri:0, instance:Runner.TestRunner@6f43c82]" started-at="2023-03-30T12:16:55 CDT" name="runScenario" description="Runs Cucumber Scenarios" data-provider="scenarios" finished-at="2023-03-30T12:16:55 CDT" duration-ms="668" status="PASS">
          <params>
            <param index="0">
              <value>
                <![CDATA["User should get error message below confirm password textbox"]]>
              </value>
            </param>
            <param index="1">
              <value>
                <![CDATA["Test Automation DS Algo register page"]]>
              </value>
            </param>
          </params>
          <reporter-output>
          </reporter-output>
        </test-method> <!-- runScenario -->
        <test-method signature="runScenario(io.cucumber.testng.PickleWrapper,io.cucumber.testng.FeatureWrapper)[pri:0, instance:Runner.TestRunner@6f43c82]" started-at="2023-03-30T12:16:55 CDT" name="runScenario" description="Runs Cucumber Scenarios" data-provider="scenarios" finished-at="2023-03-30T12:16:57 CDT" duration-ms="1323" status="PASS">
          <params>
            <param index="0">
              <value>
                <![CDATA["User registers with invalid username and password"]]>
              </value>
            </param>
            <param index="1">
              <value>
                <![CDATA["Test Automation DS Algo register page"]]>
              </value>
            </param>
          </params>
          <reporter-output>
          </reporter-output>
        </test-method> <!-- runScenario -->
        <test-method signature="runScenario(io.cucumber.testng.PickleWrapper,io.cucumber.testng.FeatureWrapper)[pri:0, instance:Runner.TestRunner@6f43c82]" started-at="2023-03-30T12:16:57 CDT" name="runScenario" description="Runs Cucumber Scenarios" data-provider="scenarios" finished-at="2023-03-30T12:16:58 CDT" duration-ms="1217" status="PASS">
          <params>
            <param index="0">
              <value>
                <![CDATA["User registers successfully"]]>
              </value>
            </param>
            <param index="1">
              <value>
                <![CDATA["Test Automation DS Algo register page"]]>
              </value>
            </param>
          </params>
          <reporter-output>
          </reporter-output>
        </test-method> <!-- runScenario -->
        <test-method signature="runScenario(io.cucumber.testng.PickleWrapper,io.cucumber.testng.FeatureWrapper)[pri:0, instance:Runner.TestRunner@6f43c82]" started-at="2023-03-30T12:16:58 CDT" name="runScenario" description="Runs Cucumber Scenarios" data-provider="scenarios" finished-at="2023-03-30T12:16:59 CDT" duration-ms="825" status="PASS">
          <params>
            <param index="0">
              <value>
                <![CDATA["user tests sign in functionality with empty username textbox"]]>
              </value>
            </param>
            <param index="1">
              <value>
                <![CDATA["Test ds_algo portal sign in page"]]>
              </value>
            </param>
          </params>
          <reporter-output>
          </reporter-output>
        </test-method> <!-- runScenario -->
        <test-method signature="runScenario(io.cucumber.testng.PickleWrapper,io.cucumber.testng.FeatureWrapper)[pri:0, instance:Runner.TestRunner@6f43c82]" started-at="2023-03-30T12:16:59 CDT" name="runScenario" description="Runs Cucumber Scenarios" data-provider="scenarios" finished-at="2023-03-30T12:16:59 CDT" duration-ms="731" status="PASS">
          <params>
            <param index="0">
              <value>
                <![CDATA["user tests sign in functionality with empty password textbox"]]>
              </value>
            </param>
            <param index="1">
              <value>
                <![CDATA["Test ds_algo portal sign in page"]]>
              </value>
            </param>
          </params>
          <reporter-output>
          </reporter-output>
        </test-method> <!-- runScenario -->
        <test-method signature="runScenario(io.cucumber.testng.PickleWrapper,io.cucumber.testng.FeatureWrapper)[pri:0, instance:Runner.TestRunner@6f43c82]" started-at="2023-03-30T12:16:59 CDT" name="runScenario" description="Runs Cucumber Scenarios" data-provider="scenarios" finished-at="2023-03-30T12:17:00 CDT" duration-ms="815" status="PASS">
          <params>
            <param index="0">
              <value>
                <![CDATA["User tests registration link on sign in page"]]>
              </value>
            </param>
            <param index="1">
              <value>
                <![CDATA["Test ds_algo portal sign in page"]]>
              </value>
            </param>
          </params>
          <reporter-output>
          </reporter-output>
        </test-method> <!-- runScenario -->
        <test-method signature="runScenario(io.cucumber.testng.PickleWrapper,io.cucumber.testng.FeatureWrapper)[pri:0, instance:Runner.TestRunner@6f43c82]" started-at="2023-03-30T12:17:00 CDT" name="runScenario" description="Runs Cucumber Scenarios" data-provider="scenarios" finished-at="2023-03-30T12:17:01 CDT" duration-ms="1163" status="PASS">
          <params>
            <param index="0">
              <value>
                <![CDATA["User tests sign in link on sign in page"]]>
              </value>
            </param>
            <param index="1">
              <value>
                <![CDATA["Test ds_algo portal sign in page"]]>
              </value>
            </param>
          </params>
          <reporter-output>
          </reporter-output>
        </test-method> <!-- runScenario -->
        <test-method signature="runScenario(io.cucumber.testng.PickleWrapper,io.cucumber.testng.FeatureWrapper)[pri:0, instance:Runner.TestRunner@6f43c82]" started-at="2023-03-30T12:17:01 CDT" name="runScenario" description="Runs Cucumber Scenarios" data-provider="scenarios" finished-at="2023-03-30T12:17:02 CDT" duration-ms="732" status="PASS">
          <params>
            <param index="0">
              <value>
                <![CDATA["User tests registration link on sign in page"]]>
              </value>
            </param>
            <param index="1">
              <value>
                <![CDATA["Test ds_algo portal sign in page"]]>
              </value>
            </param>
          </params>
          <reporter-output>
          </reporter-output>
        </test-method> <!-- runScenario -->
        <test-method signature="runScenario(io.cucumber.testng.PickleWrapper,io.cucumber.testng.FeatureWrapper)[pri:0, instance:Runner.TestRunner@6f43c82]" started-at="2023-03-30T12:17:02 CDT" name="runScenario" description="Runs Cucumber Scenarios" data-provider="scenarios" finished-at="2023-03-30T12:17:03 CDT" duration-ms="1289" status="PASS">
          <params>
            <param index="0">
              <value>
                <![CDATA["User tests drop down list functionality on sign in page"]]>
              </value>
            </param>
            <param index="1">
              <value>
                <![CDATA["Test ds_algo portal sign in page"]]>
              </value>
            </param>
          </params>
          <reporter-output>
          </reporter-output>
        </test-method> <!-- runScenario -->
        <test-method signature="runScenario(io.cucumber.testng.PickleWrapper,io.cucumber.testng.FeatureWrapper)[pri:0, instance:Runner.TestRunner@6f43c82]" started-at="2023-03-30T12:17:04 CDT" name="runScenario" description="Runs Cucumber Scenarios" data-provider="scenarios" finished-at="2023-03-30T12:17:04 CDT" duration-ms="831" status="PASS">
          <params>
            <param index="0">
              <value>
                <![CDATA["User tests drop down list functionality on sign in page"]]>
              </value>
            </param>
            <param index="1">
              <value>
                <![CDATA["Test ds_algo portal sign in page"]]>
              </value>
            </param>
          </params>
          <reporter-output>
          </reporter-output>
        </test-method> <!-- runScenario -->
        <test-method signature="runScenario(io.cucumber.testng.PickleWrapper,io.cucumber.testng.FeatureWrapper)[pri:0, instance:Runner.TestRunner@6f43c82]" started-at="2023-03-30T12:17:04 CDT" name="runScenario" description="Runs Cucumber Scenarios" data-provider="scenarios" finished-at="2023-03-30T12:17:05 CDT" duration-ms="877" status="PASS">
          <params>
            <param index="0">
              <value>
                <![CDATA["User tests drop down list functionality on sign in page"]]>
              </value>
            </param>
            <param index="1">
              <value>
                <![CDATA["Test ds_algo portal sign in page"]]>
              </value>
            </param>
          </params>
          <reporter-output>
          </reporter-output>
        </test-method> <!-- runScenario -->
        <test-method signature="runScenario(io.cucumber.testng.PickleWrapper,io.cucumber.testng.FeatureWrapper)[pri:0, instance:Runner.TestRunner@6f43c82]" started-at="2023-03-30T12:17:05 CDT" name="runScenario" description="Runs Cucumber Scenarios" data-provider="scenarios" finished-at="2023-03-30T12:17:06 CDT" duration-ms="944" status="PASS">
          <params>
            <param index="0">
              <value>
                <![CDATA["User tests drop down list functionality on sign in page"]]>
              </value>
            </param>
            <param index="1">
              <value>
                <![CDATA["Test ds_algo portal sign in page"]]>
              </value>
            </param>
          </params>
          <reporter-output>
          </reporter-output>
        </test-method> <!-- runScenario -->
        <test-method signature="runScenario(io.cucumber.testng.PickleWrapper,io.cucumber.testng.FeatureWrapper)[pri:0, instance:Runner.TestRunner@6f43c82]" started-at="2023-03-30T12:17:06 CDT" name="runScenario" description="Runs Cucumber Scenarios" data-provider="scenarios" finished-at="2023-03-30T12:17:07 CDT" duration-ms="863" status="PASS">
          <params>
            <param index="0">
              <value>
                <![CDATA["User tests drop down list functionality on sign in page"]]>
              </value>
            </param>
            <param index="1">
              <value>
                <![CDATA["Test ds_algo portal sign in page"]]>
              </value>
            </param>
          </params>
          <reporter-output>
          </reporter-output>
        </test-method> <!-- runScenario -->
        <test-method signature="runScenario(io.cucumber.testng.PickleWrapper,io.cucumber.testng.FeatureWrapper)[pri:0, instance:Runner.TestRunner@6f43c82]" started-at="2023-03-30T12:17:07 CDT" name="runScenario" description="Runs Cucumber Scenarios" data-provider="scenarios" finished-at="2023-03-30T12:17:08 CDT" duration-ms="864" status="PASS">
          <params>
            <param index="0">
              <value>
                <![CDATA["User tests drop down list functionality on sign in page"]]>
              </value>
            </param>
            <param index="1">
              <value>
                <![CDATA["Test ds_algo portal sign in page"]]>
              </value>
            </param>
          </params>
          <reporter-output>
          </reporter-output>
        </test-method> <!-- runScenario -->
        <test-method signature="runScenario(io.cucumber.testng.PickleWrapper,io.cucumber.testng.FeatureWrapper)[pri:0, instance:Runner.TestRunner@6f43c82]" started-at="2023-03-30T12:17:08 CDT" name="runScenario" description="Runs Cucumber Scenarios" data-provider="scenarios" finished-at="2023-03-30T12:17:09 CDT" duration-ms="715" status="PASS">
          <params>
            <param index="0">
              <value>
                <![CDATA["user checks for invalid username and password"]]>
              </value>
            </param>
            <param index="1">
              <value>
                <![CDATA["Test ds_algo portal sign in page"]]>
              </value>
            </param>
          </params>
          <reporter-output>
          </reporter-output>
        </test-method> <!-- runScenario -->
        <test-method signature="runScenario(io.cucumber.testng.PickleWrapper,io.cucumber.testng.FeatureWrapper)[pri:0, instance:Runner.TestRunner@6f43c82]" started-at="2023-03-30T12:17:09 CDT" name="runScenario" description="Runs Cucumber Scenarios" data-provider="scenarios" finished-at="2023-03-30T12:17:10 CDT" duration-ms="1520" status="PASS">
          <params>
            <param index="0">
              <value>
                <![CDATA["user checks for invalid username and password"]]>
              </value>
            </param>
            <param index="1">
              <value>
                <![CDATA["Test ds_algo portal sign in page"]]>
              </value>
            </param>
          </params>
          <reporter-output>
          </reporter-output>
        </test-method> <!-- runScenario -->
        <test-method signature="runScenario(io.cucumber.testng.PickleWrapper,io.cucumber.testng.FeatureWrapper)[pri:0, instance:Runner.TestRunner@6f43c82]" started-at="2023-03-30T12:17:10 CDT" name="runScenario" description="Runs Cucumber Scenarios" data-provider="scenarios" finished-at="2023-03-30T12:17:11 CDT" duration-ms="789" status="PASS">
          <params>
            <param index="0">
              <value>
                <![CDATA["user checks for invalid username and password"]]>
              </value>
            </param>
            <param index="1">
              <value>
                <![CDATA["Test ds_algo portal sign in page"]]>
              </value>
            </param>
          </params>
          <reporter-output>
          </reporter-output>
        </test-method> <!-- runScenario -->
        <test-method signature="runScenario(io.cucumber.testng.PickleWrapper,io.cucumber.testng.FeatureWrapper)[pri:0, instance:Runner.TestRunner@6f43c82]" started-at="2023-03-30T12:17:11 CDT" name="runScenario" description="Runs Cucumber Scenarios" data-provider="scenarios" finished-at="2023-03-30T12:17:12 CDT" duration-ms="931" status="PASS">
          <params>
            <param index="0">
              <value>
                <![CDATA["user checks for invalid username and password"]]>
              </value>
            </param>
            <param index="1">
              <value>
                <![CDATA["Test ds_algo portal sign in page"]]>
              </value>
            </param>
          </params>
          <reporter-output>
          </reporter-output>
        </test-method> <!-- runScenario -->
        <test-method signature="runScenario(io.cucumber.testng.PickleWrapper,io.cucumber.testng.FeatureWrapper)[pri:0, instance:Runner.TestRunner@6f43c82]" started-at="2023-03-30T12:17:12 CDT" name="runScenario" description="Runs Cucumber Scenarios" data-provider="scenarios" finished-at="2023-03-30T12:17:13 CDT" duration-ms="1229" status="PASS">
          <params>
            <param index="0">
              <value>
                <![CDATA["user checks for valid username and password"]]>
              </value>
            </param>
            <param index="1">
              <value>
                <![CDATA["Test ds_algo portal sign in page"]]>
              </value>
            </param>
          </params>
          <reporter-output>
          </reporter-output>
        </test-method> <!-- runScenario -->
        <test-method signature="runScenario(io.cucumber.testng.PickleWrapper,io.cucumber.testng.FeatureWrapper)[pri:0, instance:Runner.TestRunner@6f43c82]" started-at="2023-03-30T12:17:13 CDT" name="runScenario" description="Runs Cucumber Scenarios" data-provider="scenarios" finished-at="2023-03-30T12:17:15 CDT" duration-ms="1398" status="PASS">
          <params>
            <param index="0">
              <value>
                <![CDATA["user checks drop down functionality after loggin in"]]>
              </value>
            </param>
            <param index="1">
              <value>
                <![CDATA["Home page after loggin in"]]>
              </value>
            </param>
          </params>
          <reporter-output>
          </reporter-output>
        </test-method> <!-- runScenario -->
        <test-method signature="runScenario(io.cucumber.testng.PickleWrapper,io.cucumber.testng.FeatureWrapper)[pri:0, instance:Runner.TestRunner@6f43c82]" started-at="2023-03-30T12:17:15 CDT" name="runScenario" description="Runs Cucumber Scenarios" data-provider="scenarios" finished-at="2023-03-30T12:17:16 CDT" duration-ms="1565" status="PASS">
          <params>
            <param index="0">
              <value>
                <![CDATA["user checks drop down functionality after loggin in"]]>
              </value>
            </param>
            <param index="1">
              <value>
                <![CDATA["Home page after loggin in"]]>
              </value>
            </param>
          </params>
          <reporter-output>
          </reporter-output>
        </test-method> <!-- runScenario -->
        <test-method signature="runScenario(io.cucumber.testng.PickleWrapper,io.cucumber.testng.FeatureWrapper)[pri:0, instance:Runner.TestRunner@6f43c82]" started-at="2023-03-30T12:17:16 CDT" name="runScenario" description="Runs Cucumber Scenarios" data-provider="scenarios" finished-at="2023-03-30T12:17:18 CDT" duration-ms="1461" status="PASS">
          <params>
            <param index="0">
              <value>
                <![CDATA["user checks drop down functionality after loggin in"]]>
              </value>
            </param>
            <param index="1">
              <value>
                <![CDATA["Home page after loggin in"]]>
              </value>
            </param>
          </params>
          <reporter-output>
          </reporter-output>
        </test-method> <!-- runScenario -->
        <test-method signature="runScenario(io.cucumber.testng.PickleWrapper,io.cucumber.testng.FeatureWrapper)[pri:0, instance:Runner.TestRunner@6f43c82]" started-at="2023-03-30T12:17:18 CDT" name="runScenario" description="Runs Cucumber Scenarios" data-provider="scenarios" finished-at="2023-03-30T12:17:19 CDT" duration-ms="1450" status="PASS">
          <params>
            <param index="0">
              <value>
                <![CDATA["user checks drop down functionality after loggin in"]]>
              </value>
            </param>
            <param index="1">
              <value>
                <![CDATA["Home page after loggin in"]]>
              </value>
            </param>
          </params>
          <reporter-output>
          </reporter-output>
        </test-method> <!-- runScenario -->
        <test-method signature="runScenario(io.cucumber.testng.PickleWrapper,io.cucumber.testng.FeatureWrapper)[pri:0, instance:Runner.TestRunner@6f43c82]" started-at="2023-03-30T12:17:19 CDT" name="runScenario" description="Runs Cucumber Scenarios" data-provider="scenarios" finished-at="2023-03-30T12:17:21 CDT" duration-ms="1487" status="PASS">
          <params>
            <param index="0">
              <value>
                <![CDATA["user checks drop down functionality after loggin in"]]>
              </value>
            </param>
            <param index="1">
              <value>
                <![CDATA["Home page after loggin in"]]>
              </value>
            </param>
          </params>
          <reporter-output>
          </reporter-output>
        </test-method> <!-- runScenario -->
        <test-method signature="runScenario(io.cucumber.testng.PickleWrapper,io.cucumber.testng.FeatureWrapper)[pri:0, instance:Runner.TestRunner@6f43c82]" started-at="2023-03-30T12:17:21 CDT" name="runScenario" description="Runs Cucumber Scenarios" data-provider="scenarios" finished-at="2023-03-30T12:17:22 CDT" duration-ms="1562" status="PASS">
          <params>
            <param index="0">
              <value>
                <![CDATA["user checks drop down functionality after loggin in"]]>
              </value>
            </param>
            <param index="1">
              <value>
                <![CDATA["Home page after loggin in"]]>
              </value>
            </param>
          </params>
          <reporter-output>
          </reporter-output>
        </test-method> <!-- runScenario -->
        <test-method signature="runScenario(io.cucumber.testng.PickleWrapper,io.cucumber.testng.FeatureWrapper)[pri:0, instance:Runner.TestRunner@6f43c82]" started-at="2023-03-30T12:17:22 CDT" name="runScenario" description="Runs Cucumber Scenarios" data-provider="scenarios" finished-at="2023-03-30T12:17:41 CDT" duration-ms="18444" status="PASS">
          <params>
            <param index="0">
              <value>
                <![CDATA["User tests Get Started button after loggin in"]]>
              </value>
            </param>
            <param index="1">
              <value>
                <![CDATA["Home page after loggin in"]]>
              </value>
            </param>
          </params>
          <reporter-output>
          </reporter-output>
        </test-method> <!-- runScenario -->
        <test-method signature="runScenario(io.cucumber.testng.PickleWrapper,io.cucumber.testng.FeatureWrapper)[pri:0, instance:Runner.TestRunner@6f43c82]" started-at="2023-03-30T12:17:41 CDT" name="runScenario" description="Runs Cucumber Scenarios" data-provider="scenarios" finished-at="2023-03-30T12:17:42 CDT" duration-ms="1728" status="PASS">
          <params>
            <param index="0">
              <value>
                <![CDATA["User tests Get Started button after loggin in"]]>
              </value>
            </param>
            <param index="1">
              <value>
                <![CDATA["Home page after loggin in"]]>
              </value>
            </param>
          </params>
          <reporter-output>
          </reporter-output>
        </test-method> <!-- runScenario -->
        <test-method signature="runScenario(io.cucumber.testng.PickleWrapper,io.cucumber.testng.FeatureWrapper)[pri:0, instance:Runner.TestRunner@6f43c82]" started-at="2023-03-30T12:17:42 CDT" name="runScenario" description="Runs Cucumber Scenarios" data-provider="scenarios" finished-at="2023-03-30T12:17:44 CDT" duration-ms="1491" status="PASS">
          <params>
            <param index="0">
              <value>
                <![CDATA["User tests Get Started button after loggin in"]]>
              </value>
            </param>
            <param index="1">
              <value>
                <![CDATA["Home page after loggin in"]]>
              </value>
            </param>
          </params>
          <reporter-output>
          </reporter-output>
        </test-method> <!-- runScenario -->
        <test-method signature="runScenario(io.cucumber.testng.PickleWrapper,io.cucumber.testng.FeatureWrapper)[pri:0, instance:Runner.TestRunner@6f43c82]" started-at="2023-03-30T12:17:44 CDT" name="runScenario" description="Runs Cucumber Scenarios" data-provider="scenarios" finished-at="2023-03-30T12:17:45 CDT" duration-ms="1350" status="PASS">
          <params>
            <param index="0">
              <value>
                <![CDATA["User tests Get Started button after loggin in"]]>
              </value>
            </param>
            <param index="1">
              <value>
                <![CDATA["Home page after loggin in"]]>
              </value>
            </param>
          </params>
          <reporter-output>
          </reporter-output>
        </test-method> <!-- runScenario -->
        <test-method signature="runScenario(io.cucumber.testng.PickleWrapper,io.cucumber.testng.FeatureWrapper)[pri:0, instance:Runner.TestRunner@6f43c82]" started-at="2023-03-30T12:17:45 CDT" name="runScenario" description="Runs Cucumber Scenarios" data-provider="scenarios" finished-at="2023-03-30T12:17:47 CDT" duration-ms="1330" status="PASS">
          <params>
            <param index="0">
              <value>
                <![CDATA["User tests Get Started button after loggin in"]]>
              </value>
            </param>
            <param index="1">
              <value>
                <![CDATA["Home page after loggin in"]]>
              </value>
            </param>
          </params>
          <reporter-output>
          </reporter-output>
        </test-method> <!-- runScenario -->
        <test-method signature="runScenario(io.cucumber.testng.PickleWrapper,io.cucumber.testng.FeatureWrapper)[pri:0, instance:Runner.TestRunner@6f43c82]" started-at="2023-03-30T12:17:47 CDT" name="runScenario" description="Runs Cucumber Scenarios" data-provider="scenarios" finished-at="2023-03-30T12:17:48 CDT" duration-ms="1452" status="PASS">
          <params>
            <param index="0">
              <value>
                <![CDATA["User tests Get Started button after loggin in"]]>
              </value>
            </param>
            <param index="1">
              <value>
                <![CDATA["Home page after loggin in"]]>
              </value>
            </param>
          </params>
          <reporter-output>
          </reporter-output>
        </test-method> <!-- runScenario -->
        <test-method signature="runScenario(io.cucumber.testng.PickleWrapper,io.cucumber.testng.FeatureWrapper)[pri:0, instance:Runner.TestRunner@6f43c82]" started-at="2023-03-30T12:17:48 CDT" name="runScenario" description="Runs Cucumber Scenarios" data-provider="scenarios" finished-at="2023-03-30T12:17:49 CDT" duration-ms="1318" status="PASS">
          <params>
            <param index="0">
              <value>
                <![CDATA["User tests Get Started button after loggin in"]]>
              </value>
            </param>
            <param index="1">
              <value>
                <![CDATA["Home page after loggin in"]]>
              </value>
            </param>
          </params>
          <reporter-output>
          </reporter-output>
        </test-method> <!-- runScenario -->
        <test-method signature="runScenario(io.cucumber.testng.PickleWrapper,io.cucumber.testng.FeatureWrapper)[pri:0, instance:Runner.TestRunner@6f43c82]" started-at="2023-03-30T12:17:49 CDT" name="runScenario" description="Runs Cucumber Scenarios" data-provider="scenarios" finished-at="2023-03-30T12:17:50 CDT" duration-ms="415" status="PASS">
          <params>
            <param index="0">
              <value>
                <![CDATA["The user is able to navigate to time complexity page"]]>
              </value>
            </param>
            <param index="1">
              <value>
                <![CDATA["DataStructures"]]>
              </value>
            </param>
          </params>
          <reporter-output>
          </reporter-output>
        </test-method> <!-- runScenario -->
        <test-method signature="runScenario(io.cucumber.testng.PickleWrapper,io.cucumber.testng.FeatureWrapper)[pri:0, instance:Runner.TestRunner@6f43c82]" started-at="2023-03-30T12:17:50 CDT" name="runScenario" description="Runs Cucumber Scenarios" data-provider="scenarios" finished-at="2023-03-30T12:17:51 CDT" duration-ms="1245" status="PASS">
          <params>
            <param index="0">
              <value>
                <![CDATA["The user should be directed to editor page with run button to test python code"]]>
              </value>
            </param>
            <param index="1">
              <value>
                <![CDATA["DataStructures"]]>
              </value>
            </param>
          </params>
          <reporter-output>
          </reporter-output>
        </test-method> <!-- runScenario -->
        <test-method signature="runScenario(io.cucumber.testng.PickleWrapper,io.cucumber.testng.FeatureWrapper)[pri:0, instance:Runner.TestRunner@6f43c82]" started-at="2023-03-30T12:17:51 CDT" name="runScenario" description="Runs Cucumber Scenarios" data-provider="scenarios" finished-at="2023-03-30T12:18:03 CDT" duration-ms="11984" status="PASS">
          <params>
            <param index="0">
              <value>
                <![CDATA["The user is able to run code in Editor for time complexity page"]]>
              </value>
            </param>
            <param index="1">
              <value>
                <![CDATA["DataStructures"]]>
              </value>
            </param>
          </params>
          <reporter-output>
          </reporter-output>
        </test-method> <!-- runScenario -->
        <test-method signature="runScenario(io.cucumber.testng.PickleWrapper,io.cucumber.testng.FeatureWrapper)[pri:0, instance:Runner.TestRunner@6f43c82]" started-at="2023-03-30T12:18:03 CDT" name="runScenario" description="Runs Cucumber Scenarios" data-provider="scenarios" finished-at="2023-03-30T12:18:09 CDT" duration-ms="6303" status="PASS">
          <params>
            <param index="0">
              <value>
                <![CDATA["The user is presented with error message for invalid code in Editor for time complexity page"]]>
              </value>
            </param>
            <param index="1">
              <value>
                <![CDATA["DataStructures"]]>
              </value>
            </param>
          </params>
          <reporter-output>
          </reporter-output>
        </test-method> <!-- runScenario -->
        <test-method signature="runScenario(io.cucumber.testng.PickleWrapper,io.cucumber.testng.FeatureWrapper)[pri:0, instance:Runner.TestRunner@6f43c82]" started-at="2023-03-30T12:18:09 CDT" name="runScenario" description="Runs Cucumber Scenarios" data-provider="scenarios" finished-at="2023-03-30T12:18:10 CDT" duration-ms="674" status="PASS">
          <params>
            <param index="0">
              <value>
                <![CDATA["The user is able to navigate to practice questions page"]]>
              </value>
            </param>
            <param index="1">
              <value>
                <![CDATA["DataStructures"]]>
              </value>
            </param>
          </params>
          <reporter-output>
          </reporter-output>
        </test-method> <!-- runScenario -->
        <test-method signature="runScenario(io.cucumber.testng.PickleWrapper,io.cucumber.testng.FeatureWrapper)[pri:0, instance:Runner.TestRunner@6f43c82]" started-at="2023-03-30T12:18:10 CDT" name="runScenario" description="Runs Cucumber Scenarios" data-provider="scenarios" finished-at="2023-03-30T12:18:11 CDT" duration-ms="982" status="PASS">
          <params>
            <param index="0">
              <value>
                <![CDATA["User is able to navigate to Arrays in Python Page"]]>
              </value>
            </param>
            <param index="1">
              <value>
                <![CDATA["Test Arrays page in ds_algo portal"]]>
              </value>
            </param>
          </params>
          <reporter-output>
          </reporter-output>
        </test-method> <!-- runScenario -->
        <test-method signature="runScenario(io.cucumber.testng.PickleWrapper,io.cucumber.testng.FeatureWrapper)[pri:0, instance:Runner.TestRunner@6f43c82]" started-at="2023-03-30T12:18:11 CDT" name="runScenario" description="Runs Cucumber Scenarios" data-provider="scenarios" finished-at="2023-03-30T12:18:13 CDT" duration-ms="1799" status="PASS">
          <params>
            <param index="0">
              <value>
                <![CDATA["The user is able to Run valid code in editor page from Arrays in Python page"]]>
              </value>
            </param>
            <param index="1">
              <value>
                <![CDATA["Test Arrays page in ds_algo portal"]]>
              </value>
            </param>
          </params>
          <reporter-output>
          </reporter-output>
        </test-method> <!-- runScenario -->
        <test-method signature="runScenario(io.cucumber.testng.PickleWrapper,io.cucumber.testng.FeatureWrapper)[pri:0, instance:Runner.TestRunner@6f43c82]" started-at="2023-03-30T12:18:13 CDT" name="runScenario" description="Runs Cucumber Scenarios" data-provider="scenarios" finished-at="2023-03-30T12:18:18 CDT" duration-ms="5267" status="PASS">
          <params>
            <param index="0">
              <value>
                <![CDATA["The user is able to Run invalid code in editor page from Arrays in Python page"]]>
              </value>
            </param>
            <param index="1">
              <value>
                <![CDATA["Test Arrays page in ds_algo portal"]]>
              </value>
            </param>
          </params>
          <reporter-output>
          </reporter-output>
        </test-method> <!-- runScenario -->
        <test-method signature="runScenario(io.cucumber.testng.PickleWrapper,io.cucumber.testng.FeatureWrapper)[pri:0, instance:Runner.TestRunner@6f43c82]" started-at="2023-03-30T12:18:18 CDT" name="runScenario" description="Runs Cucumber Scenarios" data-provider="scenarios" finished-at="2023-03-30T12:18:19 CDT" duration-ms="595" status="PASS">
          <params>
            <param index="0">
              <value>
                <![CDATA["User is able to navigate to Practice Questins Page from Arrays in Python"]]>
              </value>
            </param>
            <param index="1">
              <value>
                <![CDATA["Test Arrays page in ds_algo portal"]]>
              </value>
            </param>
          </params>
          <reporter-output>
          </reporter-output>
        </test-method> <!-- runScenario -->
        <test-method signature="runScenario(io.cucumber.testng.PickleWrapper,io.cucumber.testng.FeatureWrapper)[pri:0, instance:Runner.TestRunner@6f43c82]" started-at="2023-03-30T12:18:19 CDT" name="runScenario" description="Runs Cucumber Scenarios" data-provider="scenarios" finished-at="2023-03-30T12:18:19 CDT" duration-ms="859" status="PASS">
          <params>
            <param index="0">
              <value>
                <![CDATA["User is able to navigate to Arrays Using List Page"]]>
              </value>
            </param>
            <param index="1">
              <value>
                <![CDATA["Test Arrays page in ds_algo portal"]]>
              </value>
            </param>
          </params>
          <reporter-output>
          </reporter-output>
        </test-method> <!-- runScenario -->
        <test-method signature="runScenario(io.cucumber.testng.PickleWrapper,io.cucumber.testng.FeatureWrapper)[pri:0, instance:Runner.TestRunner@6f43c82]" started-at="2023-03-30T12:18:19 CDT" name="runScenario" description="Runs Cucumber Scenarios" data-provider="scenarios" finished-at="2023-03-30T12:18:21 CDT" duration-ms="1755" status="PASS">
          <params>
            <param index="0">
              <value>
                <![CDATA["The user is able to Run valid code in editor page from Arrays Using List page"]]>
              </value>
            </param>
            <param index="1">
              <value>
                <![CDATA["Test Arrays page in ds_algo portal"]]>
              </value>
            </param>
          </params>
          <reporter-output>
          </reporter-output>
        </test-method> <!-- runScenario -->
        <test-method signature="runScenario(io.cucumber.testng.PickleWrapper,io.cucumber.testng.FeatureWrapper)[pri:0, instance:Runner.TestRunner@6f43c82]" started-at="2023-03-30T12:18:21 CDT" name="runScenario" description="Runs Cucumber Scenarios" data-provider="scenarios" finished-at="2023-03-30T12:18:26 CDT" duration-ms="4935" status="PASS">
          <params>
            <param index="0">
              <value>
                <![CDATA["The user is able to Run invalid code in editor page from Arrays Using List page"]]>
              </value>
            </param>
            <param index="1">
              <value>
                <![CDATA["Test Arrays page in ds_algo portal"]]>
              </value>
            </param>
          </params>
          <reporter-output>
          </reporter-output>
        </test-method> <!-- runScenario -->
        <test-method signature="runScenario(io.cucumber.testng.PickleWrapper,io.cucumber.testng.FeatureWrapper)[pri:0, instance:Runner.TestRunner@6f43c82]" started-at="2023-03-30T12:18:26 CDT" name="runScenario" description="Runs Cucumber Scenarios" data-provider="scenarios" finished-at="2023-03-30T12:18:27 CDT" duration-ms="603" status="PASS">
          <params>
            <param index="0">
              <value>
                <![CDATA["User is able to navigate to Practice Questins Page from Arrays Using List"]]>
              </value>
            </param>
            <param index="1">
              <value>
                <![CDATA["Test Arrays page in ds_algo portal"]]>
              </value>
            </param>
          </params>
          <reporter-output>
          </reporter-output>
        </test-method> <!-- runScenario -->
        <test-method signature="runScenario(io.cucumber.testng.PickleWrapper,io.cucumber.testng.FeatureWrapper)[pri:0, instance:Runner.TestRunner@6f43c82]" started-at="2023-03-30T12:18:27 CDT" name="runScenario" description="Runs Cucumber Scenarios" data-provider="scenarios" finished-at="2023-03-30T12:18:28 CDT" duration-ms="750" status="PASS">
          <params>
            <param index="0">
              <value>
                <![CDATA["User is able to navigate to Basic Operations in List Page"]]>
              </value>
            </param>
            <param index="1">
              <value>
                <![CDATA["Test Arrays page in ds_algo portal"]]>
              </value>
            </param>
          </params>
          <reporter-output>
          </reporter-output>
        </test-method> <!-- runScenario -->
        <test-method signature="runScenario(io.cucumber.testng.PickleWrapper,io.cucumber.testng.FeatureWrapper)[pri:0, instance:Runner.TestRunner@6f43c82]" started-at="2023-03-30T12:18:28 CDT" name="runScenario" description="Runs Cucumber Scenarios" data-provider="scenarios" finished-at="2023-03-30T12:18:29 CDT" duration-ms="1798" status="PASS">
          <params>
            <param index="0">
              <value>
                <![CDATA["The user is able to Run valid code in editor page from Basic Operations in List page"]]>
              </value>
            </param>
            <param index="1">
              <value>
                <![CDATA["Test Arrays page in ds_algo portal"]]>
              </value>
            </param>
          </params>
          <reporter-output>
          </reporter-output>
        </test-method> <!-- runScenario -->
        <test-method signature="runScenario(io.cucumber.testng.PickleWrapper,io.cucumber.testng.FeatureWrapper)[pri:0, instance:Runner.TestRunner@6f43c82]" started-at="2023-03-30T12:18:29 CDT" name="runScenario" description="Runs Cucumber Scenarios" data-provider="scenarios" finished-at="2023-03-30T12:18:34 CDT" duration-ms="4854" status="PASS">
          <params>
            <param index="0">
              <value>
                <![CDATA["The user is able to Run invalid code in editor page from Basic Operations in List page"]]>
              </value>
            </param>
            <param index="1">
              <value>
                <![CDATA["Test Arrays page in ds_algo portal"]]>
              </value>
            </param>
          </params>
          <reporter-output>
          </reporter-output>
        </test-method> <!-- runScenario -->
        <test-method signature="runScenario(io.cucumber.testng.PickleWrapper,io.cucumber.testng.FeatureWrapper)[pri:0, instance:Runner.TestRunner@6f43c82]" started-at="2023-03-30T12:18:34 CDT" name="runScenario" description="Runs Cucumber Scenarios" data-provider="scenarios" finished-at="2023-03-30T12:18:35 CDT" duration-ms="538" status="PASS">
          <params>
            <param index="0">
              <value>
                <![CDATA["User is able to navigate to Practice Questins Page from Basic Operations In List Page"]]>
              </value>
            </param>
            <param index="1">
              <value>
                <![CDATA["Test Arrays page in ds_algo portal"]]>
              </value>
            </param>
          </params>
          <reporter-output>
          </reporter-output>
        </test-method> <!-- runScenario -->
        <test-method signature="runScenario(io.cucumber.testng.PickleWrapper,io.cucumber.testng.FeatureWrapper)[pri:0, instance:Runner.TestRunner@6f43c82]" started-at="2023-03-30T12:18:35 CDT" name="runScenario" description="Runs Cucumber Scenarios" data-provider="scenarios" finished-at="2023-03-30T12:18:36 CDT" duration-ms="690" status="PASS">
          <params>
            <param index="0">
              <value>
                <![CDATA["User is able to navigate to Applications of Array Page"]]>
              </value>
            </param>
            <param index="1">
              <value>
                <![CDATA["Test Arrays page in ds_algo portal"]]>
              </value>
            </param>
          </params>
          <reporter-output>
          </reporter-output>
        </test-method> <!-- runScenario -->
        <test-method signature="runScenario(io.cucumber.testng.PickleWrapper,io.cucumber.testng.FeatureWrapper)[pri:0, instance:Runner.TestRunner@6f43c82]" started-at="2023-03-30T12:18:36 CDT" name="runScenario" description="Runs Cucumber Scenarios" data-provider="scenarios" finished-at="2023-03-30T12:18:37 CDT" duration-ms="1931" status="PASS">
          <params>
            <param index="0">
              <value>
                <![CDATA["The user is able to Run valid code in editor page from Applications of Array page"]]>
              </value>
            </param>
            <param index="1">
              <value>
                <![CDATA["Test Arrays page in ds_algo portal"]]>
              </value>
            </param>
          </params>
          <reporter-output>
          </reporter-output>
        </test-method> <!-- runScenario -->
        <test-method signature="runScenario(io.cucumber.testng.PickleWrapper,io.cucumber.testng.FeatureWrapper)[pri:0, instance:Runner.TestRunner@6f43c82]" started-at="2023-03-30T12:18:37 CDT" name="runScenario" description="Runs Cucumber Scenarios" data-provider="scenarios" finished-at="2023-03-30T12:18:42 CDT" duration-ms="4723" status="PASS">
          <params>
            <param index="0">
              <value>
                <![CDATA["The user is able to Run invalid code in editor page from Applications of Array page"]]>
              </value>
            </param>
            <param index="1">
              <value>
                <![CDATA["Test Arrays page in ds_algo portal"]]>
              </value>
            </param>
          </params>
          <reporter-output>
          </reporter-output>
        </test-method> <!-- runScenario -->
        <test-method signature="runScenario(io.cucumber.testng.PickleWrapper,io.cucumber.testng.FeatureWrapper)[pri:0, instance:Runner.TestRunner@6f43c82]" started-at="2023-03-30T12:18:42 CDT" name="runScenario" description="Runs Cucumber Scenarios" data-provider="scenarios" finished-at="2023-03-30T12:18:43 CDT" duration-ms="520" status="PASS">
          <params>
            <param index="0">
              <value>
                <![CDATA["User is able to navigate to Practice Questins Page from Applications of Array Page"]]>
              </value>
            </param>
            <param index="1">
              <value>
                <![CDATA["Test Arrays page in ds_algo portal"]]>
              </value>
            </param>
          </params>
          <reporter-output>
          </reporter-output>
        </test-method> <!-- runScenario -->
        <test-method signature="runScenario(io.cucumber.testng.PickleWrapper,io.cucumber.testng.FeatureWrapper)[pri:0, instance:Runner.TestRunner@6f43c82]" started-at="2023-03-30T12:18:43 CDT" name="runScenario" description="Runs Cucumber Scenarios" data-provider="scenarios" finished-at="2023-03-30T12:18:49 CDT" duration-ms="5975" status="PASS">
          <params>
            <param index="0">
              <value>
                <![CDATA["Test Practice questions Search the Array page and run code"]]>
              </value>
            </param>
            <param index="1">
              <value>
                <![CDATA["Test Arrays page in ds_algo portal"]]>
              </value>
            </param>
          </params>
          <reporter-output>
          </reporter-output>
        </test-method> <!-- runScenario -->
        <test-method signature="runScenario(io.cucumber.testng.PickleWrapper,io.cucumber.testng.FeatureWrapper)[pri:0, instance:Runner.TestRunner@6f43c82]" started-at="2023-03-30T12:18:49 CDT" name="runScenario" description="Runs Cucumber Scenarios" data-provider="scenarios" finished-at="2023-03-30T12:18:55 CDT" duration-ms="6044" status="PASS">
          <params>
            <param index="0">
              <value>
                <![CDATA["Test Practice questions Max Consecutive Ones page and run code"]]>
              </value>
            </param>
            <param index="1">
              <value>
                <![CDATA["Test Arrays page in ds_algo portal"]]>
              </value>
            </param>
          </params>
          <reporter-output>
          </reporter-output>
        </test-method> <!-- runScenario -->
        <test-method signature="runScenario(io.cucumber.testng.PickleWrapper,io.cucumber.testng.FeatureWrapper)[pri:0, instance:Runner.TestRunner@6f43c82]" started-at="2023-03-30T12:18:55 CDT" name="runScenario" description="Runs Cucumber Scenarios" data-provider="scenarios" finished-at="2023-03-30T12:19:01 CDT" duration-ms="6340" status="PASS">
          <params>
            <param index="0">
              <value>
                <![CDATA["Test Practice questions Find Numbers With Even Number of Digits page and run code"]]>
              </value>
            </param>
            <param index="1">
              <value>
                <![CDATA["Test Arrays page in ds_algo portal"]]>
              </value>
            </param>
          </params>
          <reporter-output>
          </reporter-output>
        </test-method> <!-- runScenario -->
        <test-method signature="runScenario(io.cucumber.testng.PickleWrapper,io.cucumber.testng.FeatureWrapper)[pri:0, instance:Runner.TestRunner@6f43c82]" started-at="2023-03-30T12:19:01 CDT" name="runScenario" description="Runs Cucumber Scenarios" data-provider="scenarios" finished-at="2023-03-30T12:19:07 CDT" duration-ms="6037" status="PASS">
          <params>
            <param index="0">
              <value>
                <![CDATA["Test Practice questions Squares of a Sorted Array page and run code"]]>
              </value>
            </param>
            <param index="1">
              <value>
                <![CDATA["Test Arrays page in ds_algo portal"]]>
              </value>
            </param>
          </params>
          <reporter-output>
          </reporter-output>
        </test-method> <!-- runScenario -->
        <test-method signature="runScenario(io.cucumber.testng.PickleWrapper,io.cucumber.testng.FeatureWrapper)[pri:0, instance:Runner.TestRunner@6f43c82]" started-at="2023-03-30T12:19:07 CDT" name="runScenario" description="Runs Cucumber Scenarios" data-provider="scenarios" finished-at="2023-03-30T12:19:08 CDT" duration-ms="783" status="PASS">
          <params>
            <param index="0">
              <value>
                <![CDATA["User is able to navigate to Introduction Page"]]>
              </value>
            </param>
            <param index="1">
              <value>
                <![CDATA["Test Linked List page in ds_algo portal"]]>
              </value>
            </param>
          </params>
          <reporter-output>
          </reporter-output>
        </test-method> <!-- runScenario -->
        <test-method signature="runScenario(io.cucumber.testng.PickleWrapper,io.cucumber.testng.FeatureWrapper)[pri:0, instance:Runner.TestRunner@6f43c82]" started-at="2023-03-30T12:19:08 CDT" name="runScenario" description="Runs Cucumber Scenarios" data-provider="scenarios" finished-at="2023-03-30T12:19:11 CDT" duration-ms="3315" status="PASS">
          <params>
            <param index="0">
              <value>
                <![CDATA["The user is able to Run valid code in editor page from Introduction page"]]>
              </value>
            </param>
            <param index="1">
              <value>
                <![CDATA["Test Linked List page in ds_algo portal"]]>
              </value>
            </param>
          </params>
          <reporter-output>
          </reporter-output>
        </test-method> <!-- runScenario -->
        <test-method signature="runScenario(io.cucumber.testng.PickleWrapper,io.cucumber.testng.FeatureWrapper)[pri:0, instance:Runner.TestRunner@6f43c82]" started-at="2023-03-30T12:19:11 CDT" name="runScenario" description="Runs Cucumber Scenarios" data-provider="scenarios" finished-at="2023-03-30T12:19:17 CDT" duration-ms="6088" status="PASS">
          <params>
            <param index="0">
              <value>
                <![CDATA["The user is able to Run invalid code in editor page from Introduction page"]]>
              </value>
            </param>
            <param index="1">
              <value>
                <![CDATA["Test Linked List page in ds_algo portal"]]>
              </value>
            </param>
          </params>
          <reporter-output>
          </reporter-output>
        </test-method> <!-- runScenario -->
        <test-method signature="runScenario(io.cucumber.testng.PickleWrapper,io.cucumber.testng.FeatureWrapper)[pri:0, instance:Runner.TestRunner@6f43c82]" started-at="2023-03-30T12:19:17 CDT" name="runScenario" description="Runs Cucumber Scenarios" data-provider="scenarios" finished-at="2023-03-30T12:19:18 CDT" duration-ms="644" status="PASS">
          <params>
            <param index="0">
              <value>
                <![CDATA["User is able to navigate to Practice Questins Page from Introduction Page"]]>
              </value>
            </param>
            <param index="1">
              <value>
                <![CDATA["Test Linked List page in ds_algo portal"]]>
              </value>
            </param>
          </params>
          <reporter-output>
          </reporter-output>
        </test-method> <!-- runScenario -->
        <test-method signature="runScenario(io.cucumber.testng.PickleWrapper,io.cucumber.testng.FeatureWrapper)[pri:0, instance:Runner.TestRunner@6f43c82]" started-at="2023-03-30T12:19:18 CDT" name="runScenario" description="Runs Cucumber Scenarios" data-provider="scenarios" finished-at="2023-03-30T12:19:19 CDT" duration-ms="699" status="PASS">
          <params>
            <param index="0">
              <value>
                <![CDATA["User is able to navigate to Creating Linked List Page"]]>
              </value>
            </param>
            <param index="1">
              <value>
                <![CDATA["Test Linked List page in ds_algo portal"]]>
              </value>
            </param>
          </params>
          <reporter-output>
          </reporter-output>
        </test-method> <!-- runScenario -->
        <test-method signature="runScenario(io.cucumber.testng.PickleWrapper,io.cucumber.testng.FeatureWrapper)[pri:0, instance:Runner.TestRunner@6f43c82]" started-at="2023-03-30T12:19:19 CDT" name="runScenario" description="Runs Cucumber Scenarios" data-provider="scenarios" finished-at="2023-03-30T12:19:28 CDT" duration-ms="9004" status="PASS">
          <params>
            <param index="0">
              <value>
                <![CDATA["The user is able to Run valid code in editor page from Creating Linked List page"]]>
              </value>
            </param>
            <param index="1">
              <value>
                <![CDATA["Test Linked List page in ds_algo portal"]]>
              </value>
            </param>
          </params>
          <reporter-output>
          </reporter-output>
        </test-method> <!-- runScenario -->
        <test-method signature="runScenario(io.cucumber.testng.PickleWrapper,io.cucumber.testng.FeatureWrapper)[pri:0, instance:Runner.TestRunner@6f43c82]" started-at="2023-03-30T12:19:28 CDT" name="runScenario" description="Runs Cucumber Scenarios" data-provider="scenarios" finished-at="2023-03-30T12:19:34 CDT" duration-ms="6204" status="PASS">
          <params>
            <param index="0">
              <value>
                <![CDATA["The user is able to Run invalid code in editor page from Creating Linked List page"]]>
              </value>
            </param>
            <param index="1">
              <value>
                <![CDATA["Test Linked List page in ds_algo portal"]]>
              </value>
            </param>
          </params>
          <reporter-output>
          </reporter-output>
        </test-method> <!-- runScenario -->
        <test-method signature="runScenario(io.cucumber.testng.PickleWrapper,io.cucumber.testng.FeatureWrapper)[pri:0, instance:Runner.TestRunner@6f43c82]" started-at="2023-03-30T12:19:34 CDT" name="runScenario" description="Runs Cucumber Scenarios" data-provider="scenarios" finished-at="2023-03-30T12:19:35 CDT" duration-ms="618" status="PASS">
          <params>
            <param index="0">
              <value>
                <![CDATA["User is able to navigate to Practice Questins Page from Creating Linked List Page"]]>
              </value>
            </param>
            <param index="1">
              <value>
                <![CDATA["Test Linked List page in ds_algo portal"]]>
              </value>
            </param>
          </params>
          <reporter-output>
          </reporter-output>
        </test-method> <!-- runScenario -->
        <test-method signature="runScenario(io.cucumber.testng.PickleWrapper,io.cucumber.testng.FeatureWrapper)[pri:0, instance:Runner.TestRunner@6f43c82]" started-at="2023-03-30T12:19:35 CDT" name="runScenario" description="Runs Cucumber Scenarios" data-provider="scenarios" finished-at="2023-03-30T12:19:35 CDT" duration-ms="815" status="PASS">
          <params>
            <param index="0">
              <value>
                <![CDATA["User is able to navigate to Types of Linked List Page"]]>
              </value>
            </param>
            <param index="1">
              <value>
                <![CDATA["Test Linked List page in ds_algo portal"]]>
              </value>
            </param>
          </params>
          <reporter-output>
          </reporter-output>
        </test-method> <!-- runScenario -->
        <test-method signature="runScenario(io.cucumber.testng.PickleWrapper,io.cucumber.testng.FeatureWrapper)[pri:0, instance:Runner.TestRunner@6f43c82]" started-at="2023-03-30T12:19:35 CDT" name="runScenario" description="Runs Cucumber Scenarios" data-provider="scenarios" finished-at="2023-03-30T12:19:44 CDT" duration-ms="8725" status="PASS">
          <params>
            <param index="0">
              <value>
                <![CDATA["The user is able to Run valid and invalid code in editor page from Types of Linked List page"]]>
              </value>
            </param>
            <param index="1">
              <value>
                <![CDATA["Test Linked List page in ds_algo portal"]]>
              </value>
            </param>
          </params>
          <reporter-output>
          </reporter-output>
        </test-method> <!-- runScenario -->
        <test-method signature="runScenario(io.cucumber.testng.PickleWrapper,io.cucumber.testng.FeatureWrapper)[pri:0, instance:Runner.TestRunner@6f43c82]" started-at="2023-03-30T12:19:44 CDT" name="runScenario" description="Runs Cucumber Scenarios" data-provider="scenarios" finished-at="2023-03-30T12:19:45 CDT" duration-ms="597" status="PASS">
          <params>
            <param index="0">
              <value>
                <![CDATA["User is able to navigate to Practice Questins Page from Types of Linked List Page"]]>
              </value>
            </param>
            <param index="1">
              <value>
                <![CDATA["Test Linked List page in ds_algo portal"]]>
              </value>
            </param>
          </params>
          <reporter-output>
          </reporter-output>
        </test-method> <!-- runScenario -->
        <test-method signature="runScenario(io.cucumber.testng.PickleWrapper,io.cucumber.testng.FeatureWrapper)[pri:0, instance:Runner.TestRunner@6f43c82]" started-at="2023-03-30T12:19:45 CDT" name="runScenario" description="Runs Cucumber Scenarios" data-provider="scenarios" finished-at="2023-03-30T12:19:46 CDT" duration-ms="705" status="PASS">
          <params>
            <param index="0">
              <value>
                <![CDATA["User is able to navigate to Implement Linked List in Python Page"]]>
              </value>
            </param>
            <param index="1">
              <value>
                <![CDATA["Test Linked List page in ds_algo portal"]]>
              </value>
            </param>
          </params>
          <reporter-output>
          </reporter-output>
        </test-method> <!-- runScenario -->
        <test-method signature="runScenario(io.cucumber.testng.PickleWrapper,io.cucumber.testng.FeatureWrapper)[pri:0, instance:Runner.TestRunner@6f43c82]" started-at="2023-03-30T12:19:46 CDT" name="runScenario" description="Runs Cucumber Scenarios" data-provider="scenarios" finished-at="2023-03-30T12:19:54 CDT" duration-ms="8696" status="PASS">
          <params>
            <param index="0">
              <value>
                <![CDATA["The user is able to Run valid and invalid code in editor page from Implement Linked List in Python page"]]>
              </value>
            </param>
            <param index="1">
              <value>
                <![CDATA["Test Linked List page in ds_algo portal"]]>
              </value>
            </param>
          </params>
          <reporter-output>
          </reporter-output>
        </test-method> <!-- runScenario -->
        <test-method signature="runScenario(io.cucumber.testng.PickleWrapper,io.cucumber.testng.FeatureWrapper)[pri:0, instance:Runner.TestRunner@6f43c82]" started-at="2023-03-30T12:19:54 CDT" name="runScenario" description="Runs Cucumber Scenarios" data-provider="scenarios" finished-at="2023-03-30T12:19:55 CDT" duration-ms="579" status="PASS">
          <params>
            <param index="0">
              <value>
                <![CDATA["User is able to navigate to Practice Questins Page from Implement Linked List in Python Page"]]>
              </value>
            </param>
            <param index="1">
              <value>
                <![CDATA["Test Linked List page in ds_algo portal"]]>
              </value>
            </param>
          </params>
          <reporter-output>
          </reporter-output>
        </test-method> <!-- runScenario -->
        <test-method signature="runScenario(io.cucumber.testng.PickleWrapper,io.cucumber.testng.FeatureWrapper)[pri:0, instance:Runner.TestRunner@6f43c82]" started-at="2023-03-30T12:19:55 CDT" name="runScenario" description="Runs Cucumber Scenarios" data-provider="scenarios" finished-at="2023-03-30T12:19:55 CDT" duration-ms="586" status="PASS">
          <params>
            <param index="0">
              <value>
                <![CDATA["User is able to navigate to Traversal Page"]]>
              </value>
            </param>
            <param index="1">
              <value>
                <![CDATA["Test Linked List page in ds_algo portal"]]>
              </value>
            </param>
          </params>
          <reporter-output>
          </reporter-output>
        </test-method> <!-- runScenario -->
        <test-method signature="runScenario(io.cucumber.testng.PickleWrapper,io.cucumber.testng.FeatureWrapper)[pri:0, instance:Runner.TestRunner@6f43c82]" started-at="2023-03-30T12:19:55 CDT" name="runScenario" description="Runs Cucumber Scenarios" data-provider="scenarios" finished-at="2023-03-30T12:20:04 CDT" duration-ms="8944" status="PASS">
          <params>
            <param index="0">
              <value>
                <![CDATA["The user is able to Run valid and invalid code in editor page from Traversal page"]]>
              </value>
            </param>
            <param index="1">
              <value>
                <![CDATA["Test Linked List page in ds_algo portal"]]>
              </value>
            </param>
          </params>
          <reporter-output>
          </reporter-output>
        </test-method> <!-- runScenario -->
        <test-method signature="runScenario(io.cucumber.testng.PickleWrapper,io.cucumber.testng.FeatureWrapper)[pri:0, instance:Runner.TestRunner@6f43c82]" started-at="2023-03-30T12:20:04 CDT" name="runScenario" description="Runs Cucumber Scenarios" data-provider="scenarios" finished-at="2023-03-30T12:20:05 CDT" duration-ms="672" status="PASS">
          <params>
            <param index="0">
              <value>
                <![CDATA["User is able to navigate to Practice Questins Page from Traversal Page"]]>
              </value>
            </param>
            <param index="1">
              <value>
                <![CDATA["Test Linked List page in ds_algo portal"]]>
              </value>
            </param>
          </params>
          <reporter-output>
          </reporter-output>
        </test-method> <!-- runScenario -->
        <test-method signature="runScenario(io.cucumber.testng.PickleWrapper,io.cucumber.testng.FeatureWrapper)[pri:0, instance:Runner.TestRunner@6f43c82]" started-at="2023-03-30T12:20:05 CDT" name="runScenario" description="Runs Cucumber Scenarios" data-provider="scenarios" finished-at="2023-03-30T12:20:06 CDT" duration-ms="763" status="PASS">
          <params>
            <param index="0">
              <value>
                <![CDATA["User is able to navigate to Insertion Page"]]>
              </value>
            </param>
            <param index="1">
              <value>
                <![CDATA["Test Linked List page in ds_algo portal"]]>
              </value>
            </param>
          </params>
          <reporter-output>
          </reporter-output>
        </test-method> <!-- runScenario -->
        <test-method signature="runScenario(io.cucumber.testng.PickleWrapper,io.cucumber.testng.FeatureWrapper)[pri:0, instance:Runner.TestRunner@6f43c82]" started-at="2023-03-30T12:20:06 CDT" name="runScenario" description="Runs Cucumber Scenarios" data-provider="scenarios" finished-at="2023-03-30T12:20:15 CDT" duration-ms="8720" status="PASS">
          <params>
            <param index="0">
              <value>
                <![CDATA["The user is able to Run valid and invalid code in editor page from Insertion page"]]>
              </value>
            </param>
            <param index="1">
              <value>
                <![CDATA["Test Linked List page in ds_algo portal"]]>
              </value>
            </param>
          </params>
          <reporter-output>
          </reporter-output>
        </test-method> <!-- runScenario -->
        <test-method signature="runScenario(io.cucumber.testng.PickleWrapper,io.cucumber.testng.FeatureWrapper)[pri:0, instance:Runner.TestRunner@6f43c82]" started-at="2023-03-30T12:20:15 CDT" name="runScenario" description="Runs Cucumber Scenarios" data-provider="scenarios" finished-at="2023-03-30T12:20:15 CDT" duration-ms="643" status="PASS">
          <params>
            <param index="0">
              <value>
                <![CDATA["User is able to navigate to Practice Questins Page from Insertion Page"]]>
              </value>
            </param>
            <param index="1">
              <value>
                <![CDATA["Test Linked List page in ds_algo portal"]]>
              </value>
            </param>
          </params>
          <reporter-output>
          </reporter-output>
        </test-method> <!-- runScenario -->
        <test-method signature="runScenario(io.cucumber.testng.PickleWrapper,io.cucumber.testng.FeatureWrapper)[pri:0, instance:Runner.TestRunner@6f43c82]" started-at="2023-03-30T12:20:15 CDT" name="runScenario" description="Runs Cucumber Scenarios" data-provider="scenarios" finished-at="2023-03-30T12:20:16 CDT" duration-ms="860" status="PASS">
          <params>
            <param index="0">
              <value>
                <![CDATA["User is able to navigate to Deletion Page"]]>
              </value>
            </param>
            <param index="1">
              <value>
                <![CDATA["Test Linked List page in ds_algo portal"]]>
              </value>
            </param>
          </params>
          <reporter-output>
          </reporter-output>
        </test-method> <!-- runScenario -->
        <test-method signature="runScenario(io.cucumber.testng.PickleWrapper,io.cucumber.testng.FeatureWrapper)[pri:0, instance:Runner.TestRunner@6f43c82]" started-at="2023-03-30T12:20:16 CDT" name="runScenario" description="Runs Cucumber Scenarios" data-provider="scenarios" finished-at="2023-03-30T12:20:25 CDT" duration-ms="8904" status="PASS">
          <params>
            <param index="0">
              <value>
                <![CDATA["The user is able to Run valid and invalid code in editor page from Deletion page"]]>
              </value>
            </param>
            <param index="1">
              <value>
                <![CDATA["Test Linked List page in ds_algo portal"]]>
              </value>
            </param>
          </params>
          <reporter-output>
          </reporter-output>
        </test-method> <!-- runScenario -->
        <test-method signature="runScenario(io.cucumber.testng.PickleWrapper,io.cucumber.testng.FeatureWrapper)[pri:0, instance:Runner.TestRunner@6f43c82]" started-at="2023-03-30T12:20:25 CDT" name="runScenario" description="Runs Cucumber Scenarios" data-provider="scenarios" finished-at="2023-03-30T12:20:26 CDT" duration-ms="686" status="PASS">
          <params>
[...]
          <params>
            <param index="0">
              <value>
                <![CDATA["The user is presented with error message for invalid code in Editor for queue page"]]>
              </value>
            </param>
            <param index="1">
              <value>
                <![CDATA["Queue"]]>
              </value>
            </param>
          </params>
          <reporter-output>
          </reporter-output>
        </test-method> <!-- runScenario -->
        <test-method signature="runScenario(io.cucumber.testng.PickleWrapper,io.cucumber.testng.FeatureWrapper)[pri:0, instance:Runner.TestRunner@6f43c82]" started-at="2023-03-30T12:21:05 CDT" name="runScenario" description="Runs Cucumber Scenarios" data-provider="scenarios" finished-at="2023-03-30T12:21:05 CDT" duration-ms="433" status="PASS">
          <params>
            <param index="0">
              <value>
                <![CDATA["The user is able to navigate to queue page and click on  link Implementation using collections.deque"]]>
              </value>
            </param>
            <param index="1">
              <value>
                <![CDATA["Queue"]]>
              </value>
            </param>
          </params>
          <reporter-output>
          </reporter-output>
        </test-method> <!-- runScenario -->
        <test-method signature="runScenario(io.cucumber.testng.PickleWrapper,io.cucumber.testng.FeatureWrapper)[pri:0, instance:Runner.TestRunner@6f43c82]" started-at="2023-03-30T12:21:05 CDT" name="runScenario" description="Runs Cucumber Scenarios" data-provider="scenarios" finished-at="2023-03-30T12:21:06 CDT" duration-ms="616" status="PASS">
          <params>
            <param index="0">
              <value>
                <![CDATA["The user should be directed to editor page with run button to test python code from Implementation using collections.deque  page"]]>
              </value>
            </param>
            <param index="1">
              <value>
                <![CDATA["Queue"]]>
              </value>
            </param>
          </params>
          <reporter-output>
          </reporter-output>
        </test-method> <!-- runScenario -->
        <test-method signature="runScenario(io.cucumber.testng.PickleWrapper,io.cucumber.testng.FeatureWrapper)[pri:0, instance:Runner.TestRunner@6f43c82]" started-at="2023-03-30T12:21:06 CDT" name="runScenario" description="Runs Cucumber Scenarios" data-provider="scenarios" finished-at="2023-03-30T12:21:11 CDT" duration-ms="5077" status="PASS">
          <params>
            <param index="0">
              <value>
                <![CDATA["The user is able to run code in Editor for Implementation using collections.deque page"]]>
              </value>
            </param>
            <param index="1">
              <value>
                <![CDATA["Queue"]]>
              </value>
            </param>
          </params>
          <reporter-output>
          </reporter-output>
        </test-method> <!-- runScenario -->
        <test-method signature="runScenario(io.cucumber.testng.PickleWrapper,io.cucumber.testng.FeatureWrapper)[pri:0, instance:Runner.TestRunner@6f43c82]" started-at="2023-03-30T12:21:11 CDT" name="runScenario" description="Runs Cucumber Scenarios" data-provider="scenarios" finished-at="2023-03-30T12:21:16 CDT" duration-ms="4937" status="PASS">
          <params>
            <param index="0">
              <value>
                <![CDATA["The user is presented with error message for invalid code in Editor for Implementation using collections.deque  page"]]>
              </value>
            </param>
            <param index="1">
              <value>
                <![CDATA["Queue"]]>
              </value>
            </param>
          </params>
          <reporter-output>
          </reporter-output>
        </test-method> <!-- runScenario -->
        <test-method signature="runScenario(io.cucumber.testng.PickleWrapper,io.cucumber.testng.FeatureWrapper)[pri:0, instance:Runner.TestRunner@6f43c82]" started-at="2023-03-30T12:21:16 CDT" name="runScenario" description="Runs Cucumber Scenarios" data-provider="scenarios" finished-at="2023-03-30T12:21:17 CDT" duration-ms="582" status="PASS">
          <params>
            <param index="0">
              <value>
                <![CDATA["The user is able to navigate to overview of trees page"]]>
              </value>
            </param>
            <param index="1">
              <value>
                <![CDATA["graph"]]>
              </value>
            </param>
          </params>
          <reporter-output>
          </reporter-output>
        </test-method> <!-- runScenario -->
        <test-method signature="runScenario(io.cucumber.testng.PickleWrapper,io.cucumber.testng.FeatureWrapper)[pri:0, instance:Runner.TestRunner@6f43c82]" started-at="2023-03-30T12:21:17 CDT" name="runScenario" description="Runs Cucumber Scenarios" data-provider="scenarios" finished-at="2023-03-30T12:21:17 CDT" duration-ms="641" status="PASS">
          <params>
            <param index="0">
              <value>
                <![CDATA["The user should be directed to editor page with run button to test python code"]]>
              </value>
            </param>
            <param index="1">
              <value>
                <![CDATA["graph"]]>
              </value>
            </param>
          </params>
          <reporter-output>
          </reporter-output>
        </test-method> <!-- runScenario -->
        <test-method signature="runScenario(io.cucumber.testng.PickleWrapper,io.cucumber.testng.FeatureWrapper)[pri:0, instance:Runner.TestRunner@6f43c82]" started-at="2023-03-30T12:21:17 CDT" name="runScenario" description="Runs Cucumber Scenarios" data-provider="scenarios" finished-at="2023-03-30T12:21:28 CDT" duration-ms="10828" status="PASS">
          <params>
            <param index="0">
              <value>
                <![CDATA["The user is able to run code in Editor for overview of trees page"]]>
              </value>
            </param>
            <param index="1">
              <value>
                <![CDATA["graph"]]>
              </value>
            </param>
          </params>
          <reporter-output>
          </reporter-output>
        </test-method> <!-- runScenario -->
        <test-method signature="runScenario(io.cucumber.testng.PickleWrapper,io.cucumber.testng.FeatureWrapper)[pri:0, instance:Runner.TestRunner@6f43c82]" started-at="2023-03-30T12:21:28 CDT" name="runScenario" description="Runs Cucumber Scenarios" data-provider="scenarios" finished-at="2023-03-30T12:21:37 CDT" duration-ms="8996" status="PASS">
          <params>
            <param index="0">
              <value>
                <![CDATA["The user is presented with error message for invalid code in Editor for overview of trees page"]]>
              </value>
            </param>
            <param index="1">
              <value>
                <![CDATA["graph"]]>
              </value>
            </param>
          </params>
          <reporter-output>
          </reporter-output>
        </test-method> <!-- runScenario -->
        <test-method signature="runScenario(io.cucumber.testng.PickleWrapper,io.cucumber.testng.FeatureWrapper)[pri:0, instance:Runner.TestRunner@6f43c82]" started-at="2023-03-30T12:21:37 CDT" name="runScenario" description="Runs Cucumber Scenarios" data-provider="scenarios" finished-at="2023-03-30T12:21:38 CDT" duration-ms="474" status="PASS">
          <params>
            <param index="0">
              <value>
                <![CDATA["The user is able to navigate to terminologies page"]]>
              </value>
            </param>
            <param index="1">
              <value>
                <![CDATA["graph"]]>
              </value>
            </param>
          </params>
          <reporter-output>
          </reporter-output>
        </test-method> <!-- runScenario -->
        <test-method signature="runScenario(io.cucumber.testng.PickleWrapper,io.cucumber.testng.FeatureWrapper)[pri:0, instance:Runner.TestRunner@6f43c82]" started-at="2023-03-30T12:21:38 CDT" name="runScenario" description="Runs Cucumber Scenarios" data-provider="scenarios" finished-at="2023-03-30T12:21:38 CDT" duration-ms="747" status="PASS">
          <params>
            <param index="0">
              <value>
                <![CDATA["The user should be directed to editor page with run button to test python code"]]>
              </value>
            </param>
            <param index="1">
              <value>
                <![CDATA["graph"]]>
              </value>
            </param>
          </params>
          <reporter-output>
          </reporter-output>
        </test-method> <!-- runScenario -->
        <test-method signature="runScenario(io.cucumber.testng.PickleWrapper,io.cucumber.testng.FeatureWrapper)[pri:0, instance:Runner.TestRunner@6f43c82]" started-at="2023-03-30T12:21:38 CDT" name="runScenario" description="Runs Cucumber Scenarios" data-provider="scenarios" finished-at="2023-03-30T12:21:49 CDT" duration-ms="10203" status="PASS">
          <params>
            <param index="0">
              <value>
                <![CDATA["The user is able to run code in Editor for terminologies page"]]>
              </value>
            </param>
            <param index="1">
              <value>
                <![CDATA["graph"]]>
              </value>
            </param>
          </params>
          <reporter-output>
          </reporter-output>
        </test-method> <!-- runScenario -->
        <test-method signature="runScenario(io.cucumber.testng.PickleWrapper,io.cucumber.testng.FeatureWrapper)[pri:0, instance:Runner.TestRunner@6f43c82]" started-at="2023-03-30T12:21:49 CDT" name="runScenario" description="Runs Cucumber Scenarios" data-provider="scenarios" finished-at="2023-03-30T12:21:55 CDT" duration-ms="6180" status="PASS">
          <params>
            <param index="0">
              <value>
                <![CDATA["The user is presented with error message for invalid code in Editor for terminologies page"]]>
              </value>
            </param>
            <param index="1">
              <value>
                <![CDATA["graph"]]>
              </value>
            </param>
          </params>
          <reporter-output>
          </reporter-output>
        </test-method> <!-- runScenario -->
        <test-method signature="runScenario(io.cucumber.testng.PickleWrapper,io.cucumber.testng.FeatureWrapper)[pri:0, instance:Runner.TestRunner@6f43c82]" started-at="2023-03-30T12:21:55 CDT" name="runScenario" description="Runs Cucumber Scenarios" data-provider="scenarios" finished-at="2023-03-30T12:21:56 CDT" duration-ms="673" status="PASS">
          <params>
            <param index="0">
              <value>
                <![CDATA["The user is able to navigate to practice questions page"]]>
              </value>
            </param>
            <param index="1">
              <value>
                <![CDATA["graph"]]>
              </value>
            </param>
          </params>
          <reporter-output>
          </reporter-output>
        </test-method> <!-- runScenario -->
        <test-method signature="runScenario(io.cucumber.testng.PickleWrapper,io.cucumber.testng.FeatureWrapper)[pri:0, instance:Runner.TestRunner@6f43c82]" started-at="2023-03-30T12:21:56 CDT" name="runScenario" description="Runs Cucumber Scenarios" data-provider="scenarios" finished-at="2023-03-30T12:21:56 CDT" duration-ms="507" status="PASS">
          <params>
            <param index="0">
              <value>
                <![CDATA["The user is able to navigate to Graph page"]]>
              </value>
            </param>
            <param index="1">
              <value>
                <![CDATA["graph"]]>
              </value>
            </param>
          </params>
          <reporter-output>
          </reporter-output>
        </test-method> <!-- runScenario -->
        <test-method signature="runScenario(io.cucumber.testng.PickleWrapper,io.cucumber.testng.FeatureWrapper)[pri:0, instance:Runner.TestRunner@6f43c82]" started-at="2023-03-30T12:21:56 CDT" name="runScenario" description="Runs Cucumber Scenarios" data-provider="scenarios" finished-at="2023-03-30T12:21:57 CDT" duration-ms="618" status="PASS">
          <params>
            <param index="0">
              <value>
                <![CDATA["The user should be directed to editor page with run button to test python code"]]>
              </value>
            </param>
            <param index="1">
              <value>
                <![CDATA["graph"]]>
              </value>
            </param>
          </params>
          <reporter-output>
          </reporter-output>
        </test-method> <!-- runScenario -->
        <test-method signature="runScenario(io.cucumber.testng.PickleWrapper,io.cucumber.testng.FeatureWrapper)[pri:0, instance:Runner.TestRunner@6f43c82]" started-at="2023-03-30T12:21:57 CDT" name="runScenario" description="Runs Cucumber Scenarios" data-provider="scenarios" finished-at="2023-03-30T12:22:07 CDT" duration-ms="10197" status="PASS">
          <params>
            <param index="0">
              <value>
                <![CDATA["The user is able to run code in Editor for Graph page"]]>
              </value>
            </param>
            <param index="1">
              <value>
                <![CDATA["graph"]]>
              </value>
            </param>
          </params>
          <reporter-output>
          </reporter-output>
        </test-method> <!-- runScenario -->
        <test-method signature="runScenario(io.cucumber.testng.PickleWrapper,io.cucumber.testng.FeatureWrapper)[pri:0, instance:Runner.TestRunner@6f43c82]" started-at="2023-03-30T12:22:07 CDT" name="runScenario" description="Runs Cucumber Scenarios" data-provider="scenarios" finished-at="2023-03-30T12:22:13 CDT" duration-ms="6071" status="PASS">
          <params>
            <param index="0">
              <value>
                <![CDATA["The user is presented with error message for invalid code in Editor for Graph page"]]>
              </value>
            </param>
            <param index="1">
              <value>
                <![CDATA["graph"]]>
              </value>
            </param>
          </params>
          <reporter-output>
          </reporter-output>
        </test-method> <!-- runScenario -->
        <test-method signature="runScenario(io.cucumber.testng.PickleWrapper,io.cucumber.testng.FeatureWrapper)[pri:0, instance:Runner.TestRunner@6f43c82]" started-at="2023-03-30T12:22:13 CDT" name="runScenario" description="Runs Cucumber Scenarios" data-provider="scenarios" finished-at="2023-03-30T12:22:13 CDT" duration-ms="478" status="PASS">
          <params>
            <param index="0">
              <value>
                <![CDATA["The user is able to navigate to graph page and click on Graph Representations link"]]>
              </value>
            </param>
            <param index="1">
              <value>
                <![CDATA["graph"]]>
              </value>
            </param>
          </params>
          <reporter-output>
          </reporter-output>
        </test-method> <!-- runScenario -->
        <test-method signature="runScenario(io.cucumber.testng.PickleWrapper,io.cucumber.testng.FeatureWrapper)[pri:0, instance:Runner.TestRunner@6f43c82]" started-at="2023-03-30T12:22:13 CDT" name="runScenario" description="Runs Cucumber Scenarios" data-provider="scenarios" finished-at="2023-03-30T12:22:14 CDT" duration-ms="602" status="PASS">
          <params>
            <param index="0">
              <value>
                <![CDATA["The user should be directed to editor page with run button to test python code from Graph Representations page"]]>
              </value>
            </param>
            <param index="1">
              <value>
                <![CDATA["graph"]]>
              </value>
            </param>
          </params>
          <reporter-output>
          </reporter-output>
        </test-method> <!-- runScenario -->
        <test-method signature="runScenario(io.cucumber.testng.PickleWrapper,io.cucumber.testng.FeatureWrapper)[pri:0, instance:Runner.TestRunner@6f43c82]" started-at="2023-03-30T12:22:14 CDT" name="runScenario" description="Runs Cucumber Scenarios" data-provider="scenarios" finished-at="2023-03-30T12:22:24 CDT" duration-ms="10188" status="PASS">
          <params>
            <param index="0">
              <value>
                <![CDATA["The user is able to run code in Editor for Graph Representations page"]]>
              </value>
            </param>
            <param index="1">
              <value>
                <![CDATA["graph"]]>
              </value>
            </param>
          </params>
          <reporter-output>
          </reporter-output>
        </test-method> <!-- runScenario -->
        <test-method signature="runScenario(io.cucumber.testng.PickleWrapper,io.cucumber.testng.FeatureWrapper)[pri:0, instance:Runner.TestRunner@6f43c82]" started-at="2023-03-30T12:22:24 CDT" name="runScenario" description="Runs Cucumber Scenarios" data-provider="scenarios" finished-at="2023-03-30T12:22:31 CDT" duration-ms="6331" status="PASS">
          <params>
            <param index="0">
              <value>
                <![CDATA["The user is presented with error message for invalid code in Editor for Graph Representations page"]]>
              </value>
            </param>
            <param index="1">
              <value>
                <![CDATA["graph"]]>
              </value>
            </param>
          </params>
          <reporter-output>
          </reporter-output>
        </test-method> <!-- runScenario -->
        <test-method signature="runScenario(io.cucumber.testng.PickleWrapper,io.cucumber.testng.FeatureWrapper)[pri:0, instance:Runner.TestRunner@6f43c82]" started-at="2023-03-30T12:22:31 CDT" name="runScenario" description="Runs Cucumber Scenarios" data-provider="scenarios" finished-at="2023-03-30T12:22:31 CDT" duration-ms="645" status="PASS">
          <params>
            <param index="0">
              <value>
                <![CDATA["The user is able to navigate to graph representations page and click on Practice Questions"]]>
              </value>
            </param>
            <param index="1">
              <value>
                <![CDATA["graph"]]>
              </value>
            </param>
          </params>
          <reporter-output>
          </reporter-output>
        </test-method> <!-- runScenario -->
        <test-method signature="runScenario(io.cucumber.testng.PickleWrapper,io.cucumber.testng.FeatureWrapper)[pri:0, instance:Runner.TestRunner@6f43c82]" started-at="2023-03-30T12:22:31 CDT" name="runScenario" description="Runs Cucumber Scenarios" data-provider="scenarios" finished-at="2023-03-30T12:22:32 CDT" duration-ms="863" status="PASS">
          <params>
            <param index="0">
              <value>
                <![CDATA["Verifying signout link in home page"]]>
              </value>
            </param>
            <param index="1">
              <value>
                <![CDATA["graph"]]>
              </value>
            </param>
          </params>
          <reporter-output>
          </reporter-output>
        </test-method> <!-- runScenario -->
        <test-method is-config="true" signature="tearDownClass()[pri:0, instance:Runner.TestRunner@6f43c82]" started-at="2023-03-30T12:22:32 CDT" name="tearDownClass" finished-at="2023-03-30T12:22:32 CDT" duration-ms="48" status="PASS">
          <reporter-output>
          </reporter-output>
        </test-method> <!-- tearDownClass -->
      </class> <!-- Runner.TestRunner -->
    </test> <!-- Default test -->
  </suite> <!-- Default suite -->
</testng-results>
